<?xml version="1.0" encoding="UTF-8"?>
<!-- Generated by org.testng.reporters.JUnitReportReporter -->
<testsuite hostname="SOVIT" failures="0" tests="2" name="com.tests.SubscriptionCartTest" time="5.901" errors="0" timestamp="2025-09-08T14:44:59 IST" skipped="0">
  <testcase classname="com.tests.SubscriptionCartTest" name="verifyHomePageIsVisible" time="0.036"/>
  <testcase classname="com.tests.SubscriptionCartTest" name="verifySubscriptionFlow" time="5.865"/>
</testsuite> <!-- com.tests.SubscriptionCartTest -->
