<?xml version="1.0" encoding="UTF-8"?>
<!-- Generated by org.testng.reporters.JUnitReportReporter -->
<testsuite hostname="SOVIT" failures="0" tests="3" name="com.tests.VerifyAllProductsTest" time="4.422" errors="0" timestamp="2025-09-09T16:35:28 IST" skipped="0">
  <testcase classname="com.tests.VerifyAllProductsTest" name="verifyHomePageIsVisible" time="0.049"/>
  <testcase classname="com.tests.VerifyAllProductsTest" name="verifyAllProductsPageIsVisible" time="3.071"/>
  <testcase classname="com.tests.VerifyAllProductsTest" name="verifyViewProductsFunctionality" time="1.302"/>
</testsuite> <!-- com.tests.VerifyAllProductsTest -->
