<?xml version="1.0" encoding="UTF-8"?>
<!-- Generated by org.testng.reporters.JUnitReportReporter -->
<testsuite hostname="SOVIT" failures="0" tests="2" name="com.tests.SubscriptionTest" time="4.272" errors="0" timestamp="2025-09-09T16:35:28 IST" skipped="0">
  <testcase classname="com.tests.SubscriptionTest" name="verifyHomePageIsVisible" time="0.010"/>
  <testcase classname="com.tests.SubscriptionTest" name="verifySubscriptionFunctionality" time="4.262"/>
</testsuite> <!-- com.tests.SubscriptionTest -->
