<?xml version="1.0" encoding="UTF-8"?>
<!-- Generated by org.testng.reporters.JUnitReportReporter -->
<testsuite hostname="SOVIT" failures="0" tests="2" name="com.tests.ContactUsFormTest" time="4.073" errors="0" timestamp="2025-09-08T00:45:22 IST" skipped="0">
  <testcase classname="com.tests.ContactUsFormTest" name="verifyHomePageIsVisible" time="0.000"/>
  <testcase classname="com.tests.ContactUsFormTest" name="testContactUsFormSubmission" time="4.073"/>
</testsuite> <!-- com.tests.ContactUsFormTest -->
