<?xml version="1.0" encoding="UTF-8"?>
<!-- Generated by org.testng.reporters.JUnitReportReporter -->
<testsuite hostname="SOVIT" failures="0" tests="3" name="com.tests.SearchProductsTest" time="4.842" errors="0" timestamp="2025-09-08T14:44:59 IST" skipped="0">
  <testcase classname="com.tests.SearchProductsTest" name="verifyHomePageIsVisible" time="0.006"/>
  <testcase classname="com.tests.SearchProductsTest" name="verifyAllProductsPageIsVisible" time="3.347"/>
  <testcase classname="com.tests.SearchProductsTest" name="verifySearchFunctionality" time="1.489"/>
</testsuite> <!-- com.tests.SearchProductsTest -->
