<?xml version="1.0" encoding="UTF-8"?>
<!-- Generated by org.testng.reporters.JUnitReportReporter -->
<testsuite hostname="SOVIT" failures="0" tests="2" name="com.tests.ContactUsFormTest" time="4.195" errors="0" timestamp="2025-09-09T16:35:28 IST" skipped="0">
  <testcase classname="com.tests.ContactUsFormTest" name="verifyHomePageIsVisible" time="0.034"/>
  <testcase classname="com.tests.ContactUsFormTest" name="testContactUsFormSubmission" time="4.161"/>
</testsuite> <!-- com.tests.ContactUsFormTest -->
