<?xml version="1.0" encoding="UTF-8"?>
<!-- Generated by org.testng.reporters.JUnitReportReporter -->
<testsuite hostname="SOVIT" failures="0" tests="2" name="com.tests.SubscriptionTest" time="4.287" errors="0" timestamp="2025-09-08T00:45:22 IST" skipped="0">
  <testcase classname="com.tests.SubscriptionTest" name="verifyHomePageIsVisible" time="0.010"/>
  <testcase classname="com.tests.SubscriptionTest" name="verifySubscriptionFunctionality" time="4.277"/>
</testsuite> <!-- com.tests.SubscriptionTest -->
