<?xml version="1.0" encoding="UTF-8"?>
<!-- Generated by org.testng.reporters.JUnitReportReporter -->
<testsuite hostname="SOVIT" failures="0" tests="2" name="com.TestRunner.LoginRunner" time="9.538" errors="0" timestamp="2025-09-09T16:35:28 IST" skipped="0">
  <testcase classname="com.TestRunner.LoginRunner" name="runScenario" time="3.108"/>
  <testcase classname="com.TestRunner.LoginRunner" name="runScenario" time="6.430"/>
</testsuite> <!-- com.TestRunner.LoginRunner -->
