<?xml version="1.0" encoding="UTF-8"?>
<!-- Generated by org.testng.reporters.JUnitReportReporter -->
<testsuite hostname="SOVIT" failures="0" tests="2" name="com.tests.SubscriptionTest" time="4.281" errors="0" timestamp="2025-09-08T14:44:59 IST" skipped="0">
  <testcase classname="com.tests.SubscriptionTest" name="verifyHomePageIsVisible" time="0.034"/>
  <testcase classname="com.tests.SubscriptionTest" name="verifySubscriptionFunctionality" time="4.247"/>
</testsuite> <!-- com.tests.SubscriptionTest -->
