<?xml version="1.0" encoding="UTF-8"?>
<!-- Generated by org.testng.reporters.JUnitReportReporter -->
<testsuite hostname="SOVIT" failures="0" tests="1" name="com.tests.RegistrationBeforeCheckoutTest" time="44.926" errors="0" timestamp="2025-09-08T16:07:02 IST" skipped="0">
  <testcase classname="com.tests.RegistrationBeforeCheckoutTest" name="verifyPlaceOrderAfterSignup" time="44.926"/>
</testsuite> <!-- com.tests.RegistrationBeforeCheckoutTest -->
