<?xml version="1.0" encoding="UTF-8"?>
<!-- Generated by org.testng.reporters.JUnitReportReporter -->
<testsuite hostname="SOVIT" failures="0" tests="3" name="com.tests.SearchProductsTest" time="6.206" errors="0" timestamp="2025-09-09T16:35:28 IST" skipped="0">
  <testcase classname="com.tests.SearchProductsTest" name="verifyHomePageIsVisible" time="0.042"/>
  <testcase classname="com.tests.SearchProductsTest" name="verifyAllProductsPageIsVisible" time="3.663"/>
  <testcase classname="com.tests.SearchProductsTest" name="verifySearchFunctionality" time="2.501"/>
</testsuite> <!-- com.tests.SearchProductsTest -->
