<?xml version="1.0" encoding="UTF-8"?>
<!-- Generated by org.testng.reporters.JUnitReportReporter -->
<testsuite hostname="SOVIT" failures="0" tests="2" name="com.tests.ContactUsFormTest" time="5.675" errors="0" timestamp="2025-09-08T14:44:59 IST" skipped="0">
  <testcase classname="com.tests.ContactUsFormTest" name="verifyHomePageIsVisible" time="0.008"/>
  <testcase classname="com.tests.ContactUsFormTest" name="testContactUsFormSubmission" time="5.667"/>
</testsuite> <!-- com.tests.ContactUsFormTest -->
