<?xml version="1.0" encoding="UTF-8"?>
<!-- Generated by org.testng.reporters.JUnitReportReporter -->
<testsuite hostname="SOVIT" failures="0" tests="2" name="com.tests.AddToCartTest" time="14.012" errors="0" timestamp="2025-09-08T00:45:22 IST" skipped="0">
  <testcase classname="com.tests.AddToCartTest" name="verifyHomePageIsVisible" time="0.008"/>
  <testcase classname="com.tests.AddToCartTest" name="verifyAddToCartFlow" time="14.004"/>
</testsuite> <!-- com.tests.AddToCartTest -->
