<?xml version="1.0" encoding="UTF-8"?>
<!-- Generated by org.testng.reporters.JUnitReportReporter -->
<testsuite hostname="SOVIT" failures="0" tests="2" name="com.tests.VerifyTestCaseTest" time="1.600" errors="0" timestamp="2025-09-08T00:45:22 IST" skipped="0">
  <testcase classname="com.tests.VerifyTestCaseTest" name="verifyHomePageIsVisible" time="0.012"/>
  <testcase classname="com.tests.VerifyTestCaseTest" name="verifyTestCasesNavigation" time="1.588"/>
</testsuite> <!-- com.tests.VerifyTestCaseTest -->
