<?xml version="1.0" encoding="UTF-8"?>
<!-- Generated by org.testng.reporters.JUnitReportReporter -->
<testsuite hostname="SOVIT" failures="0" tests="2" name="com.tests.AddToCartTest" time="18.785" errors="0" timestamp="2025-09-09T16:35:28 IST" skipped="0">
  <testcase classname="com.tests.AddToCartTest" name="verifyHomePageIsVisible" time="0.040"/>
  <testcase classname="com.tests.AddToCartTest" name="verifyAddToCartFlow" time="18.745"/>
</testsuite> <!-- com.tests.AddToCartTest -->
