<?xml version="1.0" encoding="UTF-8"?>
<!-- Generated by org.testng.reporters.JUnitReportReporter -->
<testsuite hostname="SOVIT" failures="0" tests="3" name="com.tests.SearchProductsTest" time="4.197" errors="0" timestamp="2025-09-08T00:45:22 IST" skipped="0">
  <testcase classname="com.tests.SearchProductsTest" name="verifyHomePageIsVisible" time="0.011"/>
  <testcase classname="com.tests.SearchProductsTest" name="verifyAllProductsPageIsVisible" time="2.627"/>
  <testcase classname="com.tests.SearchProductsTest" name="verifySearchFunctionality" time="1.559"/>
</testsuite> <!-- com.tests.SearchProductsTest -->
