<?xml version="1.0" encoding="UTF-8"?>
<!-- Generated by org.testng.reporters.JUnitReportReporter -->
<testsuite hostname="SOVIT" failures="0" tests="1" name="com.TestRunner.Registration_TestRunner" time="12.946" errors="0" timestamp="2025-09-06T18:14:18 IST" skipped="0">
  <testcase classname="com.TestRunner.Registration_TestRunner" name="runScenario" time="12.946"/>
</testsuite> <!-- com.TestRunner.Registration_TestRunner -->
