<?xml version="1.0" encoding="UTF-8"?>
<!-- Generated by org.testng.reporters.JUnitReportReporter -->
<testsuite hostname="SOVIT" failures="0" tests="2" name="com.TestRunner.LoginRunner" time="8.419" errors="0" timestamp="2025-09-08T14:44:59 IST" skipped="0">
  <testcase classname="com.TestRunner.LoginRunner" name="runScenario" time="5.258"/>
  <testcase classname="com.TestRunner.LoginRunner" name="runScenario" time="3.161"/>
</testsuite> <!-- com.TestRunner.LoginRunner -->
