<?xml version="1.0" encoding="UTF-8"?>
<!-- Generated by org.testng.reporters.JUnitReportReporter -->
<testsuite hostname="SOVIT" failures="0" tests="2" name="com.TestRunner.LoginRunner" time="7.804" errors="0" timestamp="2025-09-08T00:45:22 IST" skipped="0">
  <testcase classname="com.TestRunner.LoginRunner" name="runScenario" time="5.534"/>
  <testcase classname="com.TestRunner.LoginRunner" name="runScenario" time="2.270"/>
</testsuite> <!-- com.TestRunner.LoginRunner -->
