<?xml version="1.0" encoding="UTF-8"?>
<!-- Generated by org.testng.reporters.JUnitReportReporter -->
<testsuite hostname="SOVIT" failures="0" tests="1" name="com.tests.RegistrationBeforeCheckoutTest" time="16.285" errors="0" timestamp="2025-09-08T00:45:22 IST" skipped="0">
  <testcase classname="com.tests.RegistrationBeforeCheckoutTest" name="verifyPlaceOrderAfterSignup" time="16.285"/>
</testsuite> <!-- com.tests.RegistrationBeforeCheckoutTest -->
