<?xml version="1.0" encoding="UTF-8"?>
<!-- Generated by org.testng.reporters.JUnitReportReporter -->
<testsuite hostname="SOVIT" failures="0" tests="1" name="com.TestRunner.RegistrationRunner" time="21.754" errors="0" timestamp="2025-09-08T14:44:59 IST" skipped="0">
  <testcase classname="com.TestRunner.RegistrationRunner" name="runScenario" time="21.754"/>
</testsuite> <!-- com.TestRunner.RegistrationRunner -->
