<?xml version="1.0" encoding="UTF-8"?>
<!-- Generated by org.testng.reporters.JUnitReportReporter -->
<testsuite hostname="SOVIT" failures="0" tests="2" name="com.tests.VerifyTestCaseTest" time="1.460" errors="0" timestamp="2025-09-09T16:35:28 IST" skipped="0">
  <testcase classname="com.tests.VerifyTestCaseTest" name="verifyHomePageIsVisible" time="0.011"/>
  <testcase classname="com.tests.VerifyTestCaseTest" name="verifyTestCasesNavigation" time="1.449"/>
</testsuite> <!-- com.tests.VerifyTestCaseTest -->
