<?xml version="1.0" encoding="UTF-8"?>
<!-- Generated by org.testng.reporters.JUnitReportReporter -->
<testsuite hostname="SOVIT" failures="0" tests="1" name="com.TestRunner.LogoutRunner" time="7.056" errors="0" timestamp="2025-09-08T00:45:22 IST" skipped="0">
  <testcase classname="com.TestRunner.LogoutRunner" name="runScenario" time="7.056"/>
</testsuite> <!-- com.TestRunner.LogoutRunner -->
