<?xml version="1.0" encoding="UTF-8"?>
<!-- Generated by org.testng.reporters.JUnitReportReporter -->
<testsuite hostname="SOVIT" failures="0" tests="3" name="com.tests.VerifyAllProductsTest" time="3.700" errors="0" timestamp="2025-09-09T14:52:28 IST" skipped="0">
  <testcase classname="com.tests.VerifyAllProductsTest" name="verifyHomePageIsVisible" time="0.016"/>
  <testcase classname="com.tests.VerifyAllProductsTest" name="verifyAllProductsPageIsVisible" time="1.955"/>
  <testcase classname="com.tests.VerifyAllProductsTest" name="verifyViewProductsFunctionality" time="1.729"/>
</testsuite> <!-- com.tests.VerifyAllProductsTest -->
