<?xml version="1.0" encoding="UTF-8"?>
<!-- Generated by org.testng.reporters.JUnitReportReporter -->
<testsuite hostname="SOVIT" failures="0" tests="2" name="com.tests.SubscriptionTest" time="5.875" errors="0" timestamp="2025-09-09T14:52:28 IST" skipped="0">
  <testcase classname="com.tests.SubscriptionTest" name="verifyHomePageIsVisible" time="0.014"/>
  <testcase classname="com.tests.SubscriptionTest" name="verifySubscriptionFunctionality" time="5.861"/>
</testsuite> <!-- com.tests.SubscriptionTest -->
