<?xml version="1.0" encoding="UTF-8"?>
<!-- Generated by org.testng.reporters.JUnitReportReporter -->
<testsuite hostname="SOVIT" failures="0" tests="3" name="com.tests.VerifyAllProductsTest" time="3.564" errors="0" timestamp="2025-09-10T15:06:14 IST" skipped="0">
  <testcase classname="com.tests.VerifyAllProductsTest" name="verifyHomePageIsVisible" time="0.014"/>
  <testcase classname="com.tests.VerifyAllProductsTest" name="verifyAllProductsPageIsVisible" time="2.131"/>
  <testcase classname="com.tests.VerifyAllProductsTest" name="verifyViewProductsFunctionality" time="1.419"/>
</testsuite> <!-- com.tests.VerifyAllProductsTest -->
