<?xml version="1.0" encoding="UTF-8"?>
<!-- Generated by org.testng.reporters.JUnitReportReporter -->
<testsuite hostname="SOVIT" failures="0" tests="2" name="com.tests.ContactUsFormTest" time="3.197" errors="0" timestamp="2025-09-09T14:52:28 IST" skipped="0">
  <testcase classname="com.tests.ContactUsFormTest" name="verifyHomePageIsVisible" time="0.029"/>
  <testcase classname="com.tests.ContactUsFormTest" name="testContactUsFormSubmission" time="3.168"/>
</testsuite> <!-- com.tests.ContactUsFormTest -->
