<?xml version="1.0" encoding="UTF-8"?>
<!-- Generated by org.testng.reporters.JUnitReportReporter -->
<testsuite hostname="SOVIT" failures="0" tests="1" name="com.TestRunner.RegistrationRunner" time="12.780" errors="0" timestamp="2025-09-10T15:06:14 IST" skipped="0">
  <testcase classname="com.TestRunner.RegistrationRunner" name="runScenario" time="12.780"/>
</testsuite> <!-- com.TestRunner.RegistrationRunner -->
