<?xml version="1.0" encoding="UTF-8"?>
<!-- Generated by org.testng.reporters.JUnitReportReporter -->
<testsuite hostname="SOVIT" failures="0" tests="2" name="com.tests.SubscriptionTest" time="4.417" errors="0" timestamp="2025-09-10T15:06:14 IST" skipped="0">
  <testcase classname="com.tests.SubscriptionTest" name="verifyHomePageIsVisible" time="0.015"/>
  <testcase classname="com.tests.SubscriptionTest" name="verifySubscriptionFunctionality" time="4.402"/>
</testsuite> <!-- com.tests.SubscriptionTest -->
