<?xml version="1.0" encoding="UTF-8"?>
<!-- Generated by org.testng.reporters.JUnitReportReporter -->
<testsuite hostname="SOVIT" failures="0" tests="2" name="com.tests.AddToCartTest" time="13.862" errors="0" timestamp="2025-09-10T15:06:14 IST" skipped="0">
  <testcase classname="com.tests.AddToCartTest" name="verifyHomePageIsVisible" time="0.009"/>
  <testcase classname="com.tests.AddToCartTest" name="verifyAddToCartFlow" time="13.853"/>
</testsuite> <!-- com.tests.AddToCartTest -->
