<?xml version="1.0" encoding="UTF-8"?>
<!-- Generated by org.testng.reporters.JUnitReportReporter -->
<testsuite hostname="SOVIT" failures="0" tests="2" name="com.tests.SubscriptionCartTest" time="4.848" errors="0" timestamp="2025-09-10T15:06:14 IST" skipped="0">
  <testcase classname="com.tests.SubscriptionCartTest" name="verifyHomePageIsVisible" time="0.014"/>
  <testcase classname="com.tests.SubscriptionCartTest" name="verifySubscriptionFlow" time="4.834"/>
</testsuite> <!-- com.tests.SubscriptionCartTest -->
