<?xml version="1.0" encoding="UTF-8"?>
<!-- Generated by org.testng.reporters.JUnitReportReporter -->
<testsuite hostname="SOVIT" failures="0" tests="2" name="com.tests.VerifyTestCaseTest" time="0.834" errors="0" timestamp="2025-09-09T14:52:28 IST" skipped="0">
  <testcase classname="com.tests.VerifyTestCaseTest" name="verifyHomePageIsVisible" time="0.009"/>
  <testcase classname="com.tests.VerifyTestCaseTest" name="verifyTestCasesNavigation" time="0.825"/>
</testsuite> <!-- com.tests.VerifyTestCaseTest -->
