<?xml version="1.0" encoding="UTF-8"?>
<!-- Generated by org.testng.reporters.JUnitReportReporter -->
<testsuite hostname="SOVIT" failures="0" tests="1" name="com.tests.RegistrationWhileCheckoutTest" time="18.143" errors="0" timestamp="2025-09-10T15:06:14 IST" skipped="0">
  <testcase classname="com.tests.RegistrationWhileCheckoutTest" name="verifyCheckoutWithRegistrationFlow" time="18.143"/>
</testsuite> <!-- com.tests.RegistrationWhileCheckoutTest -->
