<?xml version="1.0" encoding="UTF-8"?>
<!-- Generated by org.testng.reporters.JUnitReportReporter -->
<testsuite hostname="SOVIT" failures="0" tests="1" name="com.tests.RegistrationBeforeCheckoutTest" time="20.338" errors="0" timestamp="2025-09-09T14:37:34 IST" skipped="0">
  <testcase classname="com.tests.RegistrationBeforeCheckoutTest" name="verifyPlaceOrderAfterSignup" time="20.338"/>
</testsuite> <!-- com.tests.RegistrationBeforeCheckoutTest -->
