<?xml version="1.0" encoding="UTF-8"?>
<!-- Generated by org.testng.reporters.JUnitReportReporter -->
<testsuite hostname="SOVIT" failures="0" tests="1" name="com.TestRunner.LogoutRunner" time="5.606" errors="0" timestamp="2025-09-09T14:52:28 IST" skipped="0">
  <testcase classname="com.TestRunner.LogoutRunner" name="runScenario" time="5.606"/>
</testsuite> <!-- com.TestRunner.LogoutRunner -->
