<?xml version="1.0" encoding="UTF-8"?>
<!-- Generated by org.testng.reporters.JUnitReportReporter -->
<testsuite hostname="SOVIT" failures="0" tests="3" name="com.tests.SearchProductsTest" time="3.707" errors="0" timestamp="2025-09-09T14:52:28 IST" skipped="0">
  <testcase classname="com.tests.SearchProductsTest" name="verifyHomePageIsVisible" time="0.039"/>
  <testcase classname="com.tests.SearchProductsTest" name="verifyAllProductsPageIsVisible" time="2.658"/>
  <testcase classname="com.tests.SearchProductsTest" name="verifySearchFunctionality" time="1.010"/>
</testsuite> <!-- com.tests.SearchProductsTest -->
