<?xml version="1.0" encoding="UTF-8"?>
<!-- Generated by org.testng.reporters.JUnitReportReporter -->
<testsuite hostname="SOVIT" failures="0" tests="2" name="com.TestRunner.LoginRunner" time="6.966" errors="0" timestamp="2025-09-10T15:06:14 IST" skipped="0">
  <testcase classname="com.TestRunner.LoginRunner" name="runScenario" time="2.071"/>
  <testcase classname="com.TestRunner.LoginRunner" name="runScenario" time="4.895"/>
</testsuite> <!-- com.TestRunner.LoginRunner -->
